=======================================================
  DataAuditor — serveur Flask
  ⚠  mode DEBUG actif — logs filtres dans le terminal
  → http://localhost:5000
=======================================================
 * Serving Flask app 'server'
 * Debug mode: on
=======================================================
  DataAuditor — serveur Flask
  ⚠  mode DEBUG actif — logs filtres dans le terminal
  → http://localhost:5000
=======================================================
[filter debug] champ='location'  op='differs'  value_type='value'  →  TRUE=10745  FALSE=902  TOTAL=11647
       #  valeur brute                    notna  _as_str                         résultat
  ------  ------------------------------  -----  ------------------------------  --------
       0  'S'                             True   'SCF_OSA_OI_01'                 TRUE
       1  'C'                             True   'SCF_OSA_OI_01'                 TRUE
       2  'F'                             True   'SCF_OSA_OI_01'                 TRUE
       3  '_'                             True   'SCF_OSA_OI_01'                 TRUE
       4  'O'                             True   'SCF_OSA_OI_01'                 TRUE
       5  'S'                             True   'SCF_OSA_OI_01'                 TRUE
       6  'A'                             True   ''                              TRUE
       7  '_'                             True   ''                              TRUE
       8  'I'                             True   ''                              TRUE
       9  'O'                             True   ''                              TRUE
      10  '_'                             True   ''                              TRUE
      11  '0'                             True   ''                              TRUE
      12  '1'                             True   'SCF_OSA_IO_01.LOC_VAT'         TRUE
      13  '.'                             True   'SCF_OSA_IO_01.LOC_VAT'         TRUE
      14  'L'                             True   ''                              TRUE
      15  'O'                             True   ''                              TRUE
      16  'C'                             True   'SCF_OSA_IO_01.LOC_VAT'         TRUE
      17  '_'                             True   ''                              TRUE
      18  'C'                             True   'SCF_OSA_IO_01.LOC_VAT'         TRUE
      19  'O'                             True   ''                              TRUE
      20  'M'                             True   'SCF_OSA_IO_01.LOC_VAT'         TRUE
      21  'M'                             True   ''                              TRUE
      22  'U'                             True   ''                              TRUE
      23  'N'                             True   ''                              TRUE
